2024-06-14T14:45:46.599Z info: 
2024-06-14T14:45:53.158Z info: Connected to DB and 
2024-06-14T14:45:58.142Z info: Connected to DB and listening to port 
2024-06-14T14:46:01.722Z info: Connected to DB and listening to port ${
2024-06-14T14:46:15.079Z info: Connected to DB and listening to port 8000
2024-06-14T14:46:24.702Z info: Connected to DB and listening to port 8000
2024-06-14T14:46:32.651Z info: Connected to DB and listening to port 8000
2024-06-14T14:46:34.244Z info: Connected to DB and listening to port 8000
2024-06-14T14:46:43.923Z info: Connected to DB and listening to port 8000
2024-06-14T14:46:59.137Z info: Connected to DB and listening to port 8000
2024-06-14T14:47:01.985Z info: Connected to DB and listening to port 8000
2024-06-14T14:47:26.353Z info: Connected to DB and listening to port 8000
2024-06-14T14:47:29.072Z info: Connected to DB and listening to port 8000
2024-06-14T14:47:41.176Z info: Connected to DB and listening to port 8000
2024-06-14T14:47:50.001Z info: Connected to DB and listening to port 8000
2024-06-14T14:47:52.676Z info: Connected to DB and listening to port 8000
2024-06-14T14:47:58.044Z info: Connected to DB and listening to port 8000
2024-06-14T14:48:11.545Z info: Connected to DB and listening to port 8000
2024-06-14T14:48:13.232Z info: Connected to DB and listening to port 8000
2024-06-14T14:48:14.900Z info: Connected to DB and listening to port 8000
2024-06-14T14:48:16.347Z info: Connected to DB and listening to port 8000
2024-06-14T14:48:38.848Z info: Connected to DB and listening to port 8000
2024-06-14T14:48:59.972Z info: Connected to DB and listening to port 8000
2024-06-14T14:49:02.777Z info: Connected to DB and listening to port 8000
2024-06-14T14:49:09.105Z info: Connected to DB and listening to port 8000
2024-06-14T14:49:10.374Z info: Connected to DB and listening to port 8000
2024-06-14T14:49:12.919Z info: Connected to DB and listening to port 8000
2024-06-14T14:49:22.097Z info: Connected to DB and listening to port 8000
2024-06-14T14:49:27.632Z info: Connected to DB and listening to port 8000
2024-06-14T14:49:54.104Z info: Connected to DB and listening to port 8000
2024-06-14T14:49:55.249Z info: Connected to DB and listening to port 8000
2024-06-14T14:49:58.335Z info: Connected to DB and listening to port 8000
2024-06-14T14:50:10.140Z info: Connected to DB and listening to port 8000
2024-06-14T14:50:12.204Z info: Connected to DB and listening to port 8000
2024-06-14T14:50:23.005Z info: Connected to DB and listening to port 8000
2024-06-14T14:50:26.452Z info: Connected to DB and listening to port 8000
2024-06-14T14:50:29.608Z info: Connected to DB and listening to port 8000
2024-06-14T14:50:31.948Z info: Connected to DB and listening to port 8000
2024-06-14T14:50:37.837Z info: Connected to DB and listening to port 8000
2024-06-14T14:50:42.115Z info: Connected to DB and listening to port 8000
2024-06-14T14:50:44.559Z info: Connected to DB and listening to port 8000
2024-06-14T14:50:46.996Z info: Connected to DB and listening to port 8000
2024-06-14T14:50:49.122Z info: Connected to DB and listening to port 8000
2024-06-14T14:50:50.434Z info: Connected to DB and listening to port 8000
2024-06-14T14:50:51.483Z info: Connected to DB and listening to port 8000
2024-06-14T14:50:55.150Z info: Connected to DB and listening to port 8000
2024-06-14T14:50:58.656Z info: Connected to DB and listening to port 8000
2024-06-14T14:51:01.523Z info: Connected to DB and listening to port 8000
2024-06-14T14:51:03.445Z info: Connected to DB and listening to port 8000
2024-06-14T14:51:17.394Z info: Connected to DB and listening to port 8000
2024-06-14T14:51:29.138Z info: Connected to DB and listening to port 8000
2024-06-14T14:51:31.122Z info: Connected to DB and listening to port 8000
2024-06-14T14:51:42.848Z info: Connected to DB and listening to port 8000
2024-06-14T14:51:56.852Z info: Connected to DB and listening to port 8000
2024-06-14T14:52:02.452Z info: Connected to DB and listening to port 8000
2024-06-14T14:52:46.030Z info: Connected to DB and listening to port 8000
2024-06-14T14:52:56.998Z info: Connected to DB and listening to port 8000
2024-06-14T14:53:10.854Z info: Connected to DB and listening to port 8000
2024-06-14T14:53:13.080Z info: Connected to DB and listening to port 8000
2024-06-14T14:53:27.335Z info: Connected to DB and listening to port 8000
2024-06-14T14:53:31.261Z info: Connected to DB and listening to port 8000
2024-06-14T14:53:38.212Z info: Connected to DB and listening to port 8000
2024-06-14T14:53:42.195Z info: Connected to DB and listening to port 8000
2024-06-14T14:53:45.172Z info: Connected to DB and listening to port 8000
2024-06-14T14:53:46.369Z info: Connected to DB and listening to port 8000
2024-06-14T14:54:47.377Z info: Connected to DB and listening to port 8000
2024-06-14T14:54:48.830Z info: Connected to DB and listening to port 8000
2024-06-14T14:54:50.390Z info: Connected to DB and listening to port 8000
2024-06-14T14:55:07.778Z info: Connected to DB and listening to port 8000
2024-06-14T14:55:12.672Z info: Connected to DB and listening to port 8000
2024-06-14T14:55:16.813Z info: Connected to DB and listening to port 8000
2024-06-14T14:55:24.052Z info: Connected to DB and listening to port 8000
2024-06-14T14:55:26.556Z info: Connected to DB and listening to port 8000
2024-06-14T14:56:00.294Z info: Connected to DB and listening to port 8000
2024-06-14T14:56:06.813Z info: Connected to DB and listening to port 8000
2024-06-14T14:56:13.521Z info: Connected to DB and listening to port 8000
2024-06-14T14:56:17.102Z info: Connected to DB and listening to port 8000
2024-06-14T14:56:57.211Z info: Connected to DB and listening to port 8000
2024-06-14T14:56:58.770Z info: Connected to DB and listening to port 8000
2024-06-14T14:57:02.684Z info: Connected to DB and listening to port 8000
2024-06-14T14:57:15.344Z info: Connected to DB and listening to port 8000
2024-06-14T14:57:16.487Z info: Connected to DB and listening to port 8000
2024-06-14T14:57:17.677Z info: Connected to DB and listening to port 8000
2024-06-14T14:57:30.994Z info: Connected to DB and listening to port 8000
2024-06-14T14:57:33.523Z info: Connected to DB and listening to port 8000
2024-06-14T14:57:35.272Z info: Connected to DB and listening to port 8000
2024-06-14T14:57:38.913Z info: Connected to DB and listening to port 8000
2024-06-14T14:57:49.677Z info: Connected to DB and listening to port 8000
2024-06-14T14:57:54.811Z info: Connected to DB and listening to port 8000
2024-06-14T14:58:03.975Z info: Connected to DB and listening to port 8000
2024-06-14T14:58:12.461Z info: Connected to DB and listening to port 8000
2024-06-14T14:58:22.531Z info: Connected to DB and listening to port 8000
2024-06-14T14:58:23.742Z info: Connected to DB and listening to port 8000
2024-06-14T14:58:25.851Z info: Connected to DB and listening to port 8000
2024-06-14T14:58:29.598Z info: Connected to DB and listening to port 8000
2024-06-14T14:58:32.754Z info: Connected to DB and listening to port 8000
2024-06-14T14:58:34.302Z info: Connected to DB and listening to port 8000
2024-06-14T14:58:35.677Z info: Connected to DB and listening to port 8000
2024-06-14T14:58:37.699Z info: Connected to DB and listening to port 8000
2024-06-14T14:58:42.872Z info: Connected to DB and listening to port 8000
2024-06-14T14:58:54.644Z info: Connected to DB and listening to port 8000
2024-06-14T14:58:56.287Z info: Connected to DB and listening to port 8000
2024-06-14T14:59:00.523Z info: Connected to DB and listening to port 8000
2024-06-14T14:59:01.747Z info: Connected to DB and listening to port 8000
2024-06-14T14:59:15.555Z info: Connected to DB and listening to port 8000
2024-06-14T14:59:21.392Z info: Connected to DB and listening to port 8000
2024-06-14T14:59:26.355Z info: Connected to DB and listening to port 8000
2024-06-14T14:59:28.152Z info: Connected to DB and listening to port 8000
2024-06-14T14:59:32.654Z info: Connected to DB and listening to port 8000
2024-06-14T14:59:33.967Z info: Connected to DB and listening to port 8000
2024-06-14T14:59:36.303Z info: Connected to DB and listening to port 8000
2024-06-14T14:59:39.960Z info: Connected to DB and listening to port 8000
2024-06-14T14:59:43.202Z info: Connected to DB and listening to port 8000
2024-06-14T14:59:50.124Z info: Connected to DB and listening to port 8000
2024-06-14T14:59:53.220Z info: Connected to DB and listening to port 8000
2024-06-14T15:00:11.445Z info: Connected to DB and listening to port 8000
2024-06-14T15:00:14.131Z info: Connected to DB and listening to port 8000
2024-06-14T15:00:18.608Z info: Connected to DB and listening to port 8000
2024-06-14T15:00:21.904Z info: Connected to DB and listening to port 8000
2024-06-14T15:00:31.443Z info: Connected to DB and listening to port 8000
2024-06-14T15:00:35.041Z info: Connected to DB and listening to port 8000
2024-06-14T15:00:38.051Z info: Connected to DB and listening to port 8000
2024-06-14T15:00:39.696Z info: Connected to DB and listening to port 8000
2024-06-14T15:00:51.297Z info: Connected to DB and listening to port 8000
2024-06-14T15:00:56.979Z info: Connected to DB and listening to port 8000
2024-06-14T15:00:58.095Z info: Connected to DB and listening to port 8000
2024-06-14T15:01:03.873Z info: Connected to DB and listening to port 8000
2024-06-14T15:01:10.249Z info: Connected to DB and listening to port 8000
2024-06-14T15:01:17.419Z info: Connected to DB and listening to port 8000
2024-06-14T15:01:22.264Z info: Connected to DB and listening to port 8000
2024-06-14T15:01:30.906Z info: Connected to DB and listening to port 8000
2024-06-14T15:01:36.816Z info: Connected to DB and listening to port 8000
2024-06-14T15:01:37.846Z info: Connected to DB and listening to port 8000
2024-06-14T15:01:41.195Z info: Connected to DB and listening to port 8000
2024-06-14T15:01:42.400Z info: Connected to DB and listening to port 8000
2024-06-14T15:02:01.232Z info: Connected to DB and listening to port 8000
2024-06-14T15:02:03.980Z info: Connected to DB and listening to port 8000
2024-06-14T15:02:05.558Z info: Connected to DB and listening to port 8000
2024-06-14T15:02:06.634Z info: Connected to DB and listening to port 8000
2024-06-14T15:02:09.608Z info: Connected to DB and listening to port 8000
2024-06-14T15:02:17.238Z info: Connected to DB and listening to port 8000
2024-06-14T15:02:25.123Z info: Connected to DB and listening to port 8000
2024-06-14T15:02:27.059Z info: Connected to DB and listening to port 8000
2024-06-14T15:02:38.879Z info: Connected to DB and listening to port 8000
2024-06-14T15:02:44.676Z info: Connected to DB and listening to port 8000
2024-06-14T15:02:45.663Z info: Connected to DB and listening to port 8000
2024-06-14T15:02:48.607Z info: Connected to DB and listening to port 8000
2024-06-14T15:02:52.106Z info: Connected to DB and listening to port 8000
2024-06-14T15:02:55.327Z info: Connected to DB and listening to port 8000
2024-06-14T15:02:56.630Z info: Connected to DB and listening to port 8000
2024-06-14T15:03:29.525Z info: Connected to DB and listening to port 8000
2024-06-14T15:03:32.170Z info: Connected to DB and listening to port 8000
2024-06-14T15:03:33.680Z info: Connected to DB and listening to port 8000
2024-06-14T15:03:40.066Z info: Connected to DB and listening to port 8000
2024-06-14T15:03:42.794Z info: Connected to DB and listening to port 8000
2024-06-14T15:03:45.383Z info: Connected to DB and listening to port 8000
2024-06-14T15:03:46.600Z info: Connected to DB and listening to port 8000
2024-06-14T15:03:48.572Z info: Connected to DB and listening to port 8000
2024-06-14T15:03:49.778Z info: Connected to DB and listening to port 8000
2024-06-14T15:03:51.210Z info: Connected to DB and listening to port 8000
2024-06-14T15:03:53.789Z info: Connected to DB and listening to port 8000
2024-06-14T15:03:56.395Z info: Connected to DB and listening to port 8000
2024-06-14T15:03:58.592Z info: Connected to DB and listening to port 8000
2024-06-14T15:04:01.031Z info: Connected to DB and listening to port 8000
2024-06-14T15:04:01.944Z info: Connected to DB and listening to port 8000
2024-06-14T15:04:05.592Z info: Connected to DB and listening to port 8000
2024-06-14T15:04:08.758Z info: Connected to DB and listening to port 8000
2024-06-14T15:04:11.560Z info: Connected to DB and listening to port 8000
2024-06-14T15:04:16.835Z info: Connected to DB and listening to port 8000
2024-06-14T15:04:19.051Z info: Connected to DB and listening to port 8000
2024-06-14T15:04:39.489Z info: Connected to DB and listening to port 8000
2024-06-14T15:04:42.941Z info: Connected to DB and listening to port 8000
2024-06-14T15:04:57.140Z info: Connected to DB and listening to port 8000
2024-06-14T15:06:44.992Z info: /api/user/signup
2024-06-14T15:06:54.562Z info: /api/user/signup
2024-06-14T15:07:17.591Z info: /api/user/signup
2024-06-14T15:07:17.709Z info: User Signed Up!!
2024-06-14T15:07:17.712Z info: Token Created!!
2024-06-14T15:07:17.712Z info: seller
2024-06-14T15:08:11.904Z info: /api/user/login
2024-06-14T15:08:37.837Z info: Connected to DB and listening to port 8000
2024-06-14T15:08:39.627Z info: /api/user/login
2024-06-14T15:08:50.291Z info: /api/user/login
2024-06-14T15:08:50.380Z info: User Logged In!!!
2024-06-14T15:08:50.384Z info: Token Created!!!
2024-06-14T15:08:50.384Z info: seller
2024-06-14T15:09:42.007Z info: Connected to DB and listening to port 8000
2024-06-14T15:10:03.138Z info: Connected to DB and listening to port 8000
2024-06-14T15:10:06.274Z info: Connected to DB and listening to port 8000
2024-06-14T15:10:09.499Z info: Connected to DB and listening to port 8000
2024-06-14T15:10:13.562Z info: Connected to DB and listening to port 8000
2024-06-14T15:10:28.471Z info: Connected to DB and listening to port 8000
2024-06-14T15:10:40.678Z info: Connected to DB and listening to port 8000
2024-06-14T15:11:40.192Z info: /api/user/signup
2024-06-14T15:11:40.332Z info: User Signed Up!!
2024-06-14T15:11:40.336Z info: Token Created!!
2024-06-14T15:11:40.336Z info: customer
2024-06-14T15:12:16.026Z info: /api/user/login
2024-06-14T15:12:16.117Z info: User Logged In!!!
2024-06-14T15:12:16.118Z info: Token Created!!!
2024-06-14T15:12:16.118Z info: customer
2024-06-14T15:12:46.071Z info: /metrics
2024-06-14T15:12:56.401Z info: /metrics
2024-06-14T15:12:56.508Z info: /favicon.ico2025-03-28T14:17:32.609Z info: Connected to DB and listening to port 8000
